<?xml version="1.0" encoding="UTF-8"?>
<!-- Generated by org.testng.reporters.JUnitXMLReporter -->
<testsuite ignored="0" hostname="DESKTOP-8L6OUC8" failures="0" tests="2" name="Test2" time="4.327" errors="0" timestamp="2023-10-11T23:04:55 GMT-07:00">
  <testcase classname="com.ProjectName.Testclass.LoginTestVerification" name="Method_LoginTest" time="0.155"/>
  <testcase classname="com.ProjectName.Testclass.LoginTestVerification" name="SearchDropdown" time="0.425"/>
</testsuite> <!-- Test2 -->
