<?xml version="1.0" encoding="UTF-8"?>
<!-- Generated by org.testng.reporters.JUnitXMLReporter -->
<testsuite ignored="0" hostname="DESKTOP-8L6OUC8" failures="0" tests="5" name="Test" time="13.327" errors="0" timestamp="2023-10-17T09:46:52 IST">
  <testcase classname="com.ProjectName.Testclass.DataFromExcelSheet" name="enterData" time="1.601"/>
  <testcase classname="com.ProjectName.Testclass.DataFromExcelSheet" name="enterData" time="1.544"/>
  <testcase classname="com.ProjectName.Testclass.DataFromExcelSheet" name="enterData" time="1.589"/>
  <testcase classname="com.ProjectName.Testclass.DataFromExcelSheet" name="enterData" time="1.629"/>
  <testcase classname="com.ProjectName.Testclass.DataFromExcelSheet" name="enterData" time="1.263"/>
</testsuite> <!-- Test -->
