<?xml version="1.0" encoding="UTF-8"?>
<!-- Generated by org.testng.reporters.JUnitXMLReporter -->
<testsuite ignored="0" hostname="DESKTOP-8L6OUC8" failures="0" tests="2" name="Test(failed)" time="7.958" errors="0" timestamp="2023-10-12T01:39:06 GMT-07:00">
  <testcase classname="com.ProjectName.Testclass.LoginTestVerification" name="Method_LoginTest" time="0.14"/>
  <testcase classname="com.ProjectName.Testclass.LoginTestVerification" name="SearchDropdown" time="2.618"/>
</testsuite> <!-- Test(failed) -->
