<?xml version="1.0" encoding="UTF-8"?>
<testng-results ignored="0" total="5" passed="5" failed="0" skipped="0">
  <reporter-output>
  </reporter-output>
  <suite started-at="2023-10-17T09:46:39 IST" name="Suite" finished-at="2023-10-17T09:46:52 IST" duration-ms="13327">
    <groups>
    </groups>
    <test started-at="2023-10-17T09:46:39 IST" name="Test" finished-at="2023-10-17T09:46:52 IST" duration-ms="13327">
      <class name="com.ProjectName.Testclass.DataFromExcelSheet">
        <test-method is-config="true" signature="setReport()[pri:0, instance:com.ProjectName.Testclass.DataFromExcelSheet@41a2befb]" started-at="2023-10-17T09:46:39 IST" name="setReport" finished-at="2023-10-17T09:46:39 IST" duration-ms="251" status="PASS">
          <reporter-output>
          </reporter-output>
        </test-method> <!-- setReport -->
        <test-method is-config="true" signature="SetupMethod(java.lang.String)[pri:0, instance:com.ProjectName.Testclass.DataFromExcelSheet@41a2befb]" started-at="2023-10-17T09:46:39 IST" name="SetupMethod" finished-at="2023-10-17T09:46:43 IST" duration-ms="4564" status="PASS">
          <params>
            <param index="0">
              <value>
                <![CDATA[chrome]]>
              </value>
            </param>
          </params>
          <reporter-output>
          </reporter-output>
        </test-method> <!-- SetupMethod -->
        <test-method signature="enterData(java.lang.String,java.lang.String,java.lang.String)[pri:0, instance:com.ProjectName.Testclass.DataFromExcelSheet@41a2befb]" started-at="2023-10-17T09:46:44 IST" name="enterData" data-provider="logindata" finished-at="2023-10-17T09:46:46 IST" duration-ms="1601" status="PASS">
          <params>
            <param index="0">
              <value>
                <![CDATA[101]]>
              </value>
            </param>
            <param index="1">
              <value>
                <![CDATA[abc]]>
              </value>
            </param>
            <param index="2">
              <value>
                <![CDATA[123]]>
              </value>
            </param>
          </params>
          <reporter-output>
          </reporter-output>
        </test-method> <!-- enterData -->
        <test-method signature="enterData(java.lang.String,java.lang.String,java.lang.String)[pri:0, instance:com.ProjectName.Testclass.DataFromExcelSheet@41a2befb]" started-at="2023-10-17T09:46:46 IST" name="enterData" data-provider="logindata" finished-at="2023-10-17T09:46:48 IST" duration-ms="1544" status="PASS">
          <params>
            <param index="0">
              <value>
                <![CDATA[102]]>
              </value>
            </param>
            <param index="1">
              <value>
                <![CDATA[pqr]]>
              </value>
            </param>
            <param index="2">
              <value>
                <![CDATA[456]]>
              </value>
            </param>
          </params>
          <reporter-output>
          </reporter-output>
        </test-method> <!-- enterData -->
        <test-method signature="enterData(java.lang.String,java.lang.String,java.lang.String)[pri:0, instance:com.ProjectName.Testclass.DataFromExcelSheet@41a2befb]" started-at="2023-10-17T09:46:48 IST" name="enterData" data-provider="logindata" finished-at="2023-10-17T09:46:49 IST" duration-ms="1589" status="PASS">
          <params>
            <param index="0">
              <value>
                <![CDATA[103]]>
              </value>
            </param>
            <param index="1">
              <value>
                <![CDATA[xyz]]>
              </value>
            </param>
            <param index="2">
              <value>
                <![CDATA[789]]>
              </value>
            </param>
          </params>
          <reporter-output>
          </reporter-output>
        </test-method> <!-- enterData -->
        <test-method signature="enterData(java.lang.String,java.lang.String,java.lang.String)[pri:0, instance:com.ProjectName.Testclass.DataFromExcelSheet@41a2befb]" started-at="2023-10-17T09:46:49 IST" name="enterData" data-provider="logindata" finished-at="2023-10-17T09:46:51 IST" duration-ms="1629" status="PASS">
          <params>
            <param index="0">
              <value>
                <![CDATA[111]]>
              </value>
            </param>
            <param index="1">
              <value>
                <![CDATA[asd]]>
              </value>
            </param>
            <param index="2">
              <value>
                <![CDATA[1235]]>
              </value>
            </param>
          </params>
          <reporter-output>
          </reporter-output>
        </test-method> <!-- enterData -->
        <test-method signature="enterData(java.lang.String,java.lang.String,java.lang.String)[pri:0, instance:com.ProjectName.Testclass.DataFromExcelSheet@41a2befb]" started-at="2023-10-17T09:46:51 IST" name="enterData" data-provider="logindata" finished-at="2023-10-17T09:46:52 IST" duration-ms="1263" status="PASS">
          <params>
            <param index="0">
              <value>
                <![CDATA[12345654]]>
              </value>
            </param>
            <param index="1">
              <value>
                <![CDATA[dfaadafad]]>
              </value>
            </param>
            <param index="2">
              <value>
                <![CDATA[121]]>
              </value>
            </param>
          </params>
          <reporter-output>
          </reporter-output>
        </test-method> <!-- enterData -->
        <test-method is-config="true" signature="ClosedBrowserMethod()[pri:0, instance:com.ProjectName.Testclass.DataFromExcelSheet@41a2befb]" started-at="2023-10-17T09:46:52 IST" name="ClosedBrowserMethod" finished-at="2023-10-17T09:46:52 IST" duration-ms="160" status="PASS">
          <reporter-output>
          </reporter-output>
        </test-method> <!-- ClosedBrowserMethod -->
        <test-method is-config="true" signature="endReport()[pri:0, instance:com.ProjectName.Testclass.DataFromExcelSheet@41a2befb]" started-at="2023-10-17T09:46:52 IST" name="endReport" finished-at="2023-10-17T09:46:53 IST" duration-ms="351" status="PASS">
          <reporter-output>
          </reporter-output>
        </test-method> <!-- endReport -->
      </class> <!-- com.ProjectName.Testclass.DataFromExcelSheet -->
    </test> <!-- Test -->
  </suite> <!-- Suite -->
</testng-results>
